<?xml version="1.0" encoding="UTF-8"?>
<!-- Generated by org.testng.reporters.JUnitReportReporter -->
<testsuite hostname="VibinWorkStation" failures="0" tests="2" name="thevortexalpha.tests.ErrorValidation" time="12.255" errors="0" timestamp="2024-04-29T22:51:50 IST" skipped="0">
  <testcase classname="thevortexalpha.tests.ErrorValidation" name="loginErrorValidation" time="4.031"/>
  <testcase classname="thevortexalpha.tests.ErrorValidation" name="productErrorValidation" time="8.224"/>
</testsuite> <!-- thevortexalpha.tests.ErrorValidation -->
