<?xml version="1.0" encoding="UTF-8"?>
<!-- Generated by org.testng.reporters.JUnitReportReporter -->
<testsuite hostname="VibinWorkStation" failures="0" tests="3" name="thevortexalpha.tests.SubmitOrderTest" time="19.714" errors="0" timestamp="2024-04-29T22:51:50 IST" skipped="0">
  <testcase classname="thevortexalpha.tests.SubmitOrderTest" name="OrderHistoryTest" time="5.166"/>
  <testcase classname="thevortexalpha.tests.SubmitOrderTest" name="submitOrder" time="7.396"/>
  <testcase classname="thevortexalpha.tests.SubmitOrderTest" name="submitOrder" time="7.152"/>
</testsuite> <!-- thevortexalpha.tests.SubmitOrderTest -->
